[     423ms] [WARNING] goatcounter: not counting because of: localhost @ http://gc.zgo.at/count.js:78
[     507ms] [WARNING] ⚠️ React Router Future Flag Warning: React Router will begin wrapping state updates in `React.startTransition` in v7. You can use the `v7_startTransition` future flag to opt-in early. For more information, see https://reactrouter.com/v6/upgrading/future#v7_starttransition. @ http://localhost:3000/node_modules/.vite/deps/chunk-J76FKW36.js?v=71908e49:4428
[     507ms] [WARNING] ⚠️ React Router Future Flag Warning: Relative route resolution within Splat routes is changing in v7. You can use the `v7_relativeSplatPath` future flag to opt-in early. For more information, see https://reactrouter.com/v6/upgrading/future#v7_relativesplatpath. @ http://localhost:3000/node_modules/.vite/deps/chunk-J76FKW36.js?v=71908e49:4428
[     512ms] [ERROR] Failed to load resource: net::ERR_CONNECTION_REFUSED @ http://localhost:3001/api/languages:0
[     515ms] [ERROR] Failed to load resource: net::ERR_CONNECTION_REFUSED @ http://localhost:3001/api/languages:0
[     518ms] AxiosError: Network Error
    at XMLHttpRequest.handleError (http://localhost:3000/node_modules/.vite/deps/axios.js?v=71908e49:1717:19)
    at Axios.request (http://localhost:3000/node_modules/.vite/deps/axios.js?v=71908e49:2328:41)
    at async Object.getAllLanguages (http://localhost:3000/src/services/languages.ts:6:19)
    at async getLanguageListFromServer (http://localhost:3000/src/components/nav/Nav.tsx?t=1772286244072:69:25)
[     518ms] AxiosError: Network Error
    at XMLHttpRequest.handleError (http://localhost:3000/node_modules/.vite/deps/axios.js?v=71908e49:1717:19)
    at Axios.request (http://localhost:3000/node_modules/.vite/deps/axios.js?v=71908e49:2328:41)
    at async Object.getAllLanguages (http://localhost:3000/src/services/languages.ts:6:19)
    at async getLanguageListFromServer (http://localhost:3000/src/components/nav/Nav.tsx?t=1772286244072:69:25)
[   54766ms] [ERROR] Failed to load resource: net::ERR_CONNECTION_REFUSED @ http://localhost:3001/api/languages:0
[   54766ms] AxiosError: Network Error
    at XMLHttpRequest.handleError (http://localhost:3000/node_modules/.vite/deps/axios.js?v=71908e49:1717:19)
    at Axios.request (http://localhost:3000/node_modules/.vite/deps/axios.js?v=71908e49:2328:41)
    at async Object.getAllLanguages (http://localhost:3000/src/services/languages.ts:6:19)
    at async getLanguageListFromServer (http://localhost:3000/src/components/nav/Nav.tsx?t=1772286330355:69:25)
